[ 2017-07-16T09:17:11+08:00 ] 127.0.0.1 /index.php/Admin/Goods/xiajia
INFO: [ app_begin ] --START--
INFO: Run Behavior\ReadHtmlCacheBehavior [ RunTime:0.001000s ]
INFO: [ app_begin ] --END-- [ RunTime:0.001000s ]
SQL: SHOW COLUMNS FROM `shop_goods` [ RunTime:0.0040s ]
SQL: SELECT * FROM `shop_goods` WHERE `id` = 1 LIMIT 1   [ RunTime:0.0010s ]
SQL: UPDATE `shop_goods` SET `goods_status`='-1' WHERE ( id=1 ) [ RunTime:0.2110s ]

[ 2017-07-16T09:17:40+08:00 ] 127.0.0.1 /index.php/Admin/Goods/xiajia
INFO: [ app_begin ] --START--
INFO: Run Behavior\ReadHtmlCacheBehavior [ RunTime:0.001000s ]
INFO: [ app_begin ] --END-- [ RunTime:0.001000s ]
SQL: SHOW COLUMNS FROM `shop_goods` [ RunTime:0.0000s ]
SQL: SELECT * FROM `shop_goods` WHERE `id` = 1 LIMIT 1   [ RunTime:0.0000s ]
SQL: UPDATE `shop_goods` SET `goods_status`='1' WHERE ( id=1 ) [ RunTime:0.0000s ]

[ 2017-07-16T09:30:38+08:00 ] 127.0.0.1 /index.php/Admin/Goods/xiajia
INFO: [ app_begin ] --START--
INFO: Run Behavior\ReadHtmlCacheBehavior [ RunTime:0.000000s ]
INFO: [ app_begin ] --END-- [ RunTime:0.001000s ]
SQL: SHOW COLUMNS FROM `shop_goods` [ RunTime:0.0070s ]
SQL: SELECT * FROM `shop_goods` WHERE `id` = 1 LIMIT 1   [ RunTime:0.0010s ]
SQL: UPDATE `shop_goods` SET `goods_status`='-1' WHERE ( id=1 ) [ RunTime:0.0030s ]

[ 2017-07-16T09:31:55+08:00 ] 127.0.0.1 /index.php/Admin/Goods/xiajia
INFO: [ app_begin ] --START--
INFO: Run Behavior\ReadHtmlCacheBehavior [ RunTime:0.000000s ]
INFO: [ app_begin ] --END-- [ RunTime:0.001000s ]
SQL: SHOW COLUMNS FROM `shop_goods` [ RunTime:0.0050s ]
SQL: SELECT * FROM `shop_goods` WHERE `id` = 1 LIMIT 1   [ RunTime:0.0000s ]
SQL: UPDATE `shop_goods` SET `goods_status`='1' WHERE ( id=1 ) [ RunTime:0.0000s ]

[ 2017-07-16T09:32:08+08:00 ] 127.0.0.1 /index.php/Admin/Goods/xiajia
INFO: [ app_begin ] --START--
INFO: Run Behavior\ReadHtmlCacheBehavior [ RunTime:0.000000s ]
INFO: [ app_begin ] --END-- [ RunTime:0.001000s ]
SQL: SHOW COLUMNS FROM `shop_goods` [ RunTime:0.0060s ]
SQL: SELECT * FROM `shop_goods` WHERE `id` = 1 LIMIT 1   [ RunTime:0.0020s ]
SQL: UPDATE `shop_goods` SET `goods_status`='-1' WHERE ( id=1 ) [ RunTime:0.0000s ]

[ 2017-07-16T09:32:11+08:00 ] 127.0.0.1 /index.php/Admin/Goods/xiajia
INFO: [ app_begin ] --START--
INFO: Run Behavior\ReadHtmlCacheBehavior [ RunTime:0.001000s ]
INFO: [ app_begin ] --END-- [ RunTime:0.001000s ]
SQL: SHOW COLUMNS FROM `shop_goods` [ RunTime:0.0060s ]
SQL: SELECT * FROM `shop_goods` WHERE `id` = 1 LIMIT 1   [ RunTime:0.0010s ]
SQL: UPDATE `shop_goods` SET `goods_status`='1' WHERE ( id=1 ) [ RunTime:0.0010s ]

[ 2017-07-16T09:34:26+08:00 ] 127.0.0.1 /index.php/Admin/Goods/xiajia
INFO: [ app_begin ] --START--
INFO: Run Behavior\ReadHtmlCacheBehavior [ RunTime:0.001000s ]
INFO: [ app_begin ] --END-- [ RunTime:0.002001s ]
SQL: SHOW COLUMNS FROM `shop_goods` [ RunTime:0.0050s ]
SQL: SELECT * FROM `shop_goods` WHERE `id` = 1 LIMIT 1   [ RunTime:0.0000s ]
SQL: UPDATE `shop_goods` SET `goods_status`='-1' WHERE ( id=1 ) [ RunTime:0.0000s ]

[ 2017-07-16T09:34:37+08:00 ] 127.0.0.1 /index.php/Admin/Goods/xiajia
INFO: [ app_begin ] --START--
INFO: Run Behavior\ReadHtmlCacheBehavior [ RunTime:0.000000s ]
INFO: [ app_begin ] --END-- [ RunTime:0.001000s ]
SQL: SHOW COLUMNS FROM `shop_goods` [ RunTime:0.0070s ]
SQL: SELECT * FROM `shop_goods` WHERE `id` = 2 LIMIT 1   [ RunTime:0.0000s ]
SQL: UPDATE `shop_goods` SET `goods_status`='-1' WHERE ( id=2 ) [ RunTime:0.0000s ]

[ 2017-07-16T09:42:22+08:00 ] 127.0.0.1 /index.php/Admin/Goods/xiajia
INFO: [ app_begin ] --START--
INFO: Run Behavior\ReadHtmlCacheBehavior [ RunTime:0.001000s ]
INFO: [ app_begin ] --END-- [ RunTime:0.001000s ]
SQL: SHOW COLUMNS FROM `shop_goods` [ RunTime:0.0060s ]
SQL: SELECT * FROM `shop_goods` WHERE `id` = 1 LIMIT 1   [ RunTime:0.0000s ]
SQL: UPDATE `shop_goods` SET `goods_status`='1' WHERE ( id=1 ) [ RunTime:0.0000s ]

[ 2017-07-16T09:44:20+08:00 ] 127.0.0.1 /index.php/Admin/Goods/xiajia
INFO: [ app_begin ] --START--
INFO: Run Behavior\ReadHtmlCacheBehavior [ RunTime:0.001000s ]
INFO: [ app_begin ] --END-- [ RunTime:0.002000s ]
SQL: SHOW COLUMNS FROM `shop_goods` [ RunTime:0.0060s ]
SQL: SELECT * FROM `shop_goods` WHERE `id` = 1 LIMIT 1   [ RunTime:0.0010s ]
SQL: UPDATE `shop_goods` SET `goods_status`='-1',`goods_updatetime`='1500169460' WHERE ( id=1 ) [ RunTime:0.0010s ]

[ 2017-07-16T09:46:49+08:00 ] 127.0.0.1 /index.php/Admin/Goods/xiajia
INFO: [ app_begin ] --START--
INFO: Run Behavior\ReadHtmlCacheBehavior [ RunTime:0.001000s ]
INFO: [ app_begin ] --END-- [ RunTime:0.002000s ]
SQL: SHOW COLUMNS FROM `shop_goods` [ RunTime:0.0020s ]
SQL: SELECT * FROM `shop_goods` WHERE `id` = 1 LIMIT 1   [ RunTime:0.0000s ]
SQL: UPDATE `shop_goods` SET `goods_status`='1',`goods_updatetime`='1500169609' WHERE ( id=1 ) [ RunTime:0.0000s ]

[ 2017-07-16T10:13:35+08:00 ] 127.0.0.1 /index.php/Admin/Goods/xiajia
INFO: [ app_begin ] --START--
INFO: Run Behavior\ReadHtmlCacheBehavior [ RunTime:0.001000s ]
INFO: [ app_begin ] --END-- [ RunTime:0.001000s ]
SQL: SHOW COLUMNS FROM `shop_goods` [ RunTime:0.0060s ]
SQL: SELECT * FROM `shop_goods` WHERE `id` = 1 LIMIT 1   [ RunTime:0.0010s ]
SQL: UPDATE `shop_goods` SET `goods_status`='-1',`goods_updatetime`='1500171215' WHERE ( id=1 ) [ RunTime:0.0010s ]

[ 2017-07-16T10:13:45+08:00 ] 127.0.0.1 /index.php/Admin/Goods/showlist/p/__CONSTROLLER__/del
INFO: [ app_begin ] --START--
INFO: Run Behavior\ReadHtmlCacheBehavior [ RunTime:0.001000s ]
INFO: [ app_begin ] --END-- [ RunTime:0.001000s ]
SQL: SHOW COLUMNS FROM `shop_goods` [ RunTime:0.0060s ]
SQL: SELECT COUNT(*) AS tp_count FROM `shop_goods` LIMIT 1   [ RunTime:0.0000s ]
SQL: SELECT * FROM `shop_goods` WHERE ( goods_status != 0 ) LIMIT 0,2   [ RunTime:0.0000s ]
INFO: [ view_parse ] --START--
INFO: [ template_filter ] --START--
INFO: Run Behavior\ContentReplaceBehavior [ RunTime:0.000000s ]
INFO: [ template_filter ] --END-- [ RunTime:0.000000s ]
NOTIC: [8] Use of undefined constant id - assumed 'id' D:\www\shop\Application\Runtime\Cache\Admin\44880e36edc292d062be9cc091c2da1a.php 第 41 行.
NOTIC: [8] Use of undefined constant id - assumed 'id' D:\www\shop\Application\Runtime\Cache\Admin\44880e36edc292d062be9cc091c2da1a.php 第 49 行.
NOTIC: [8] Use of undefined constant id - assumed 'id' D:\www\shop\Application\Runtime\Cache\Admin\44880e36edc292d062be9cc091c2da1a.php 第 50 行.
NOTIC: [8] Use of undefined constant id - assumed 'id' D:\www\shop\Application\Runtime\Cache\Admin\44880e36edc292d062be9cc091c2da1a.php 第 41 行.
NOTIC: [8] Use of undefined constant id - assumed 'id' D:\www\shop\Application\Runtime\Cache\Admin\44880e36edc292d062be9cc091c2da1a.php 第 49 行.
NOTIC: [8] Use of undefined constant id - assumed 'id' D:\www\shop\Application\Runtime\Cache\Admin\44880e36edc292d062be9cc091c2da1a.php 第 50 行.
INFO: Run Behavior\ParseTemplateBehavior [ RunTime:0.017001s ]
INFO: [ view_parse ] --END-- [ RunTime:0.017001s ]
INFO: [ view_filter ] --START--
INFO: Run Behavior\WriteHtmlCacheBehavior [ RunTime:0.000000s ]
INFO: [ view_filter ] --END-- [ RunTime:0.000000s ]
INFO: [ app_end ] --START--
INFO: Run Behavior\ShowPageTraceBehavior [ RunTime:0.001001s ]
INFO: [ app_end ] --END-- [ RunTime:0.001001s ]

[ 2017-07-16T10:14:57+08:00 ] 127.0.0.1 /index.php/Admin/Goods/showlist/p/__CONSTROLLER__/del
INFO: [ app_begin ] --START--
INFO: Run Behavior\ReadHtmlCacheBehavior [ RunTime:0.001001s ]
INFO: [ app_begin ] --END-- [ RunTime:0.002001s ]
SQL: SHOW COLUMNS FROM `shop_goods` [ RunTime:0.0060s ]
SQL: SELECT COUNT(*) AS tp_count FROM `shop_goods` LIMIT 1   [ RunTime:0.0000s ]
SQL: SELECT * FROM `shop_goods` WHERE ( goods_status != 0 ) LIMIT 0,2   [ RunTime:0.0010s ]
INFO: [ view_parse ] --START--
INFO: [ template_filter ] --START--
INFO: Run Behavior\ContentReplaceBehavior [ RunTime:0.000000s ]
INFO: [ template_filter ] --END-- [ RunTime:0.000000s ]
NOTIC: [8] Use of undefined constant id - assumed 'id' D:\www\shop\Application\Runtime\Cache\Admin\44880e36edc292d062be9cc091c2da1a.php 第 41 行.
NOTIC: [8] Use of undefined constant id - assumed 'id' D:\www\shop\Application\Runtime\Cache\Admin\44880e36edc292d062be9cc091c2da1a.php 第 49 行.
NOTIC: [8] Use of undefined constant id - assumed 'id' D:\www\shop\Application\Runtime\Cache\Admin\44880e36edc292d062be9cc091c2da1a.php 第 50 行.
NOTIC: [8] Use of undefined constant id - assumed 'id' D:\www\shop\Application\Runtime\Cache\Admin\44880e36edc292d062be9cc091c2da1a.php 第 41 行.
NOTIC: [8] Use of undefined constant id - assumed 'id' D:\www\shop\Application\Runtime\Cache\Admin\44880e36edc292d062be9cc091c2da1a.php 第 49 行.
NOTIC: [8] Use of undefined constant id - assumed 'id' D:\www\shop\Application\Runtime\Cache\Admin\44880e36edc292d062be9cc091c2da1a.php 第 50 行.
INFO: Run Behavior\ParseTemplateBehavior [ RunTime:0.017001s ]
INFO: [ view_parse ] --END-- [ RunTime:0.017001s ]
INFO: [ view_filter ] --START--
INFO: Run Behavior\WriteHtmlCacheBehavior [ RunTime:0.001000s ]
INFO: [ view_filter ] --END-- [ RunTime:0.001000s ]
INFO: [ app_end ] --START--
INFO: Run Behavior\ShowPageTraceBehavior [ RunTime:0.001000s ]
INFO: [ app_end ] --END-- [ RunTime:0.001000s ]

[ 2017-07-16T10:15:05+08:00 ] 127.0.0.1 /index.php/Admin/Goods/showlist/p/__CONSTROLLER__/del
INFO: [ app_begin ] --START--
INFO: Run Behavior\ReadHtmlCacheBehavior [ RunTime:0.000000s ]
INFO: [ app_begin ] --END-- [ RunTime:0.000000s ]
SQL: SHOW COLUMNS FROM `shop_goods` [ RunTime:0.0060s ]
SQL: SELECT COUNT(*) AS tp_count FROM `shop_goods` LIMIT 1   [ RunTime:0.0000s ]
SQL: SELECT * FROM `shop_goods` WHERE ( goods_status != 0 ) LIMIT 0,2   [ RunTime:0.0000s ]
INFO: [ view_parse ] --START--
INFO: [ template_filter ] --START--
INFO: Run Behavior\ContentReplaceBehavior [ RunTime:0.001000s ]
INFO: [ template_filter ] --END-- [ RunTime:0.001000s ]
NOTIC: [8] Use of undefined constant id - assumed 'id' D:\www\shop\Application\Runtime\Cache\Admin\44880e36edc292d062be9cc091c2da1a.php 第 41 行.
NOTIC: [8] Use of undefined constant id - assumed 'id' D:\www\shop\Application\Runtime\Cache\Admin\44880e36edc292d062be9cc091c2da1a.php 第 49 行.
NOTIC: [8] Use of undefined constant id - assumed 'id' D:\www\shop\Application\Runtime\Cache\Admin\44880e36edc292d062be9cc091c2da1a.php 第 50 行.
NOTIC: [8] Use of undefined constant id - assumed 'id' D:\www\shop\Application\Runtime\Cache\Admin\44880e36edc292d062be9cc091c2da1a.php 第 41 行.
NOTIC: [8] Use of undefined constant id - assumed 'id' D:\www\shop\Application\Runtime\Cache\Admin\44880e36edc292d062be9cc091c2da1a.php 第 49 行.
NOTIC: [8] Use of undefined constant id - assumed 'id' D:\www\shop\Application\Runtime\Cache\Admin\44880e36edc292d062be9cc091c2da1a.php 第 50 行.
INFO: Run Behavior\ParseTemplateBehavior [ RunTime:0.017001s ]
INFO: [ view_parse ] --END-- [ RunTime:0.017001s ]
INFO: [ view_filter ] --START--
INFO: Run Behavior\WriteHtmlCacheBehavior [ RunTime:0.000000s ]
INFO: [ view_filter ] --END-- [ RunTime:0.000000s ]
INFO: [ app_end ] --START--
INFO: Run Behavior\ShowPageTraceBehavior [ RunTime:0.001000s ]
INFO: [ app_end ] --END-- [ RunTime:0.001000s ]

[ 2017-07-16T10:15:25+08:00 ] 127.0.0.1 /index.php/Admin/Goods/showlist/p/__CONSTROLLER__/del
INFO: [ app_begin ] --START--
INFO: Run Behavior\ReadHtmlCacheBehavior [ RunTime:0.001000s ]
INFO: [ app_begin ] --END-- [ RunTime:0.001000s ]
SQL: SHOW COLUMNS FROM `shop_goods` [ RunTime:0.0070s ]
SQL: SELECT COUNT(*) AS tp_count FROM `shop_goods` LIMIT 1   [ RunTime:0.0000s ]
SQL: SELECT * FROM `shop_goods` WHERE ( goods_status != 0 ) LIMIT 0,2   [ RunTime:0.0000s ]
INFO: [ view_parse ] --START--
INFO: [ template_filter ] --START--
INFO: Run Behavior\ContentReplaceBehavior [ RunTime:0.000000s ]
INFO: [ template_filter ] --END-- [ RunTime:0.001000s ]
NOTIC: [8] Use of undefined constant id - assumed 'id' D:\www\shop\Application\Runtime\Cache\Admin\44880e36edc292d062be9cc091c2da1a.php 第 41 行.
NOTIC: [8] Use of undefined constant id - assumed 'id' D:\www\shop\Application\Runtime\Cache\Admin\44880e36edc292d062be9cc091c2da1a.php 第 49 行.
NOTIC: [8] Use of undefined constant id - assumed 'id' D:\www\shop\Application\Runtime\Cache\Admin\44880e36edc292d062be9cc091c2da1a.php 第 50 行.
NOTIC: [8] Use of undefined constant id - assumed 'id' D:\www\shop\Application\Runtime\Cache\Admin\44880e36edc292d062be9cc091c2da1a.php 第 41 行.
NOTIC: [8] Use of undefined constant id - assumed 'id' D:\www\shop\Application\Runtime\Cache\Admin\44880e36edc292d062be9cc091c2da1a.php 第 49 行.
NOTIC: [8] Use of undefined constant id - assumed 'id' D:\www\shop\Application\Runtime\Cache\Admin\44880e36edc292d062be9cc091c2da1a.php 第 50 行.
INFO: Run Behavior\ParseTemplateBehavior [ RunTime:0.014001s ]
INFO: [ view_parse ] --END-- [ RunTime:0.014001s ]
INFO: [ view_filter ] --START--
INFO: Run Behavior\WriteHtmlCacheBehavior [ RunTime:0.001000s ]
INFO: [ view_filter ] --END-- [ RunTime:0.001000s ]
INFO: [ app_end ] --START--
INFO: Run Behavior\ShowPageTraceBehavior [ RunTime:0.001000s ]
INFO: [ app_end ] --END-- [ RunTime:0.001000s ]

[ 2017-07-16T10:16:09+08:00 ] 127.0.0.1 /index.php/Admin/Goods/showlist/p/__CONSTROLLER__/del
INFO: [ app_begin ] --START--
INFO: Run Behavior\ReadHtmlCacheBehavior [ RunTime:0.001000s ]
INFO: [ app_begin ] --END-- [ RunTime:0.001000s ]
SQL: SHOW COLUMNS FROM `shop_goods` [ RunTime:0.0070s ]
SQL: SELECT COUNT(*) AS tp_count FROM `shop_goods` LIMIT 1   [ RunTime:0.0010s ]
SQL: SELECT * FROM `shop_goods` WHERE ( goods_status != 0 ) LIMIT 0,2   [ RunTime:0.0010s ]
INFO: [ view_parse ] --START--
INFO: [ template_filter ] --START--
INFO: Run Behavior\ContentReplaceBehavior [ RunTime:0.000000s ]
INFO: [ template_filter ] --END-- [ RunTime:0.000000s ]
NOTIC: [8] Use of undefined constant id - assumed 'id' D:\www\shop\Application\Runtime\Cache\Admin\44880e36edc292d062be9cc091c2da1a.php 第 41 行.
NOTIC: [8] Use of undefined constant id - assumed 'id' D:\www\shop\Application\Runtime\Cache\Admin\44880e36edc292d062be9cc091c2da1a.php 第 49 行.
NOTIC: [8] Use of undefined constant id - assumed 'id' D:\www\shop\Application\Runtime\Cache\Admin\44880e36edc292d062be9cc091c2da1a.php 第 50 行.
NOTIC: [8] Use of undefined constant id - assumed 'id' D:\www\shop\Application\Runtime\Cache\Admin\44880e36edc292d062be9cc091c2da1a.php 第 41 行.
NOTIC: [8] Use of undefined constant id - assumed 'id' D:\www\shop\Application\Runtime\Cache\Admin\44880e36edc292d062be9cc091c2da1a.php 第 49 行.
NOTIC: [8] Use of undefined constant id - assumed 'id' D:\www\shop\Application\Runtime\Cache\Admin\44880e36edc292d062be9cc091c2da1a.php 第 50 行.
INFO: Run Behavior\ParseTemplateBehavior [ RunTime:0.017001s ]
INFO: [ view_parse ] --END-- [ RunTime:0.017001s ]
INFO: [ view_filter ] --START--
INFO: Run Behavior\WriteHtmlCacheBehavior [ RunTime:0.001000s ]
INFO: [ view_filter ] --END-- [ RunTime:0.001000s ]
INFO: [ app_end ] --START--
INFO: Run Behavior\ShowPageTraceBehavior [ RunTime:0.001000s ]
INFO: [ app_end ] --END-- [ RunTime:0.001000s ]

[ 2017-07-16T10:17:30+08:00 ] 127.0.0.1 /index.php/Admin/Goods/del
INFO: [ app_begin ] --START--
INFO: Run Behavior\ReadHtmlCacheBehavior [ RunTime:0.001000s ]
INFO: [ app_begin ] --END-- [ RunTime:0.001000s ]
SQL: SHOW COLUMNS FROM `shop_goods` [ RunTime:0.0060s ]
SQL: UPDATE `shop_goods` SET `goods_status`='0',`goods_updatetime`='1500171450' WHERE ( id=1 ) [ RunTime:0.0010s ]

[ 2017-07-16T10:24:20+08:00 ] 127.0.0.1 /index.php/Admin/Goods/xiajia
INFO: [ app_begin ] --START--
INFO: Run Behavior\ReadHtmlCacheBehavior [ RunTime:0.000000s ]
INFO: [ app_begin ] --END-- [ RunTime:0.001000s ]
SQL: SHOW COLUMNS FROM `shop_goods` [ RunTime:0.0060s ]
SQL: SELECT * FROM `shop_goods` WHERE `id` = 1 LIMIT 1   [ RunTime:0.0010s ]
SQL: UPDATE `shop_goods` SET `goods_status`='-1',`goods_updatetime`='1500171860' WHERE ( id=1 ) [ RunTime:0.0010s ]

[ 2017-07-16T14:18:27+08:00 ] 127.0.0.1 /index.php/Admin/Index/%7BU(%22login/logout%22)%7D
ERR: 非法操作:{U("login

[ 2017-07-16T14:21:31+08:00 ] 127.0.0.1 /index.php/Admin/Index/%7BU(%22login/logout%22)%7D
ERR: 非法操作:{U("login

[ 2017-07-16T14:22:23+08:00 ] 127.0.0.1 /index.php/Admin/Index/%7BU(%22login/logout%22)%7D
ERR: 非法操作:{U("login

[ 2017-07-16T14:22:35+08:00 ] 127.0.0.1 /index.php/Admin/Login/ligon.html
ERR: 非法操作:ligon

[ 2017-07-16T14:22:57+08:00 ] 127.0.0.1 /index.php/Admin/Login/ligon.html
ERR: 非法操作:ligon

[ 2017-07-16T14:22:59+08:00 ] 127.0.0.1 /index.php/Admin/Login/ligon.html
ERR: 非法操作:ligon

[ 2017-07-16T14:25:06+08:00 ] 127.0.0.1 /index.php/Admin/Login/ligout.html
ERR: 非法操作:ligout

[ 2017-07-16T14:25:21+08:00 ] 127.0.0.1 /index.php/Admin/Login/ligout.html
ERR: 非法操作:ligout

[ 2017-07-16T18:25:43+08:00 ] 127.0.0.1 /index.php/Admin/Goods/picdel
INFO: [ app_begin ] --START--
INFO: Run Behavior\ReadHtmlCacheBehavior [ RunTime:0.001000s ]
INFO: [ app_begin ] --END-- [ RunTime:0.001000s ]
SQL: SHOW COLUMNS FROM `shop_goods` [ RunTime:0.0020s ]
SQL: SHOW COLUMNS FROM `shop_pic` [ RunTime:0.0020s ]
SQL: SELECT * FROM `shop_pic` WHERE `id` = 2 LIMIT 1   [ RunTime:0.0900s ]
SQL: DELETE FROM `shop_pic` WHERE `id` = 2 [ RunTime:0.2680s ]

[ 2017-07-16T18:53:15+08:00 ] 127.0.0.1 /index.php/Admin/system/menulist.html
ERR: 1146:Table 'shop.shop_system' doesn't exist
 [ SQL语句 ] : SHOW COLUMNS FROM `shop_system`

[ 2017-07-16T19:54:48+08:00 ] 127.0.0.1 /index.php/Admin/System/role_list.html
ERR: 非法操作:role_list

[ 2017-07-16T20:37:35+08:00 ] 127.0.0.1 /index.php/Admin/System/access_edit.html
ERR: 非法操作:access_edit

[ 2017-07-16T20:38:00+08:00 ] 127.0.0.1 /index.php/Admin/System/access_edit.html
ERR: 非法操作:access_edit

[ 2017-07-16T20:38:03+08:00 ] 127.0.0.1 /index.php/Admin/System/access_edit.html
ERR: 非法操作:access_edit

[ 2017-07-16T21:26:26+08:00 ] 127.0.0.1 /index.php/Admin/System/accesslist/role_id/%7BU:('rolelist')%7D
ERR: 1064:You have an error in your SQL syntax; check the manual that corresponds to your MySQL server version for the right syntax to use near ':('rolelist')} )' at line 1
 [ SQL语句 ] : SELECT * FROM `shop_access` WHERE ( role_id={U:('rolelist')} ) 

[ 2017-07-16T21:30:11+08:00 ] 127.0.0.1 /index.php/Admin/System/accesslist/role_id/%7BU:('rolelist')%7D
ERR: 1064:You have an error in your SQL syntax; check the manual that corresponds to your MySQL server version for the right syntax to use near ':('rolelist')} )' at line 1
 [ SQL语句 ] : SELECT * FROM `shop_access` WHERE ( role_id={U:('rolelist')} ) 

[ 2017-07-16T21:30:47+08:00 ] 127.0.0.1 /index.php/Admin/System/accesslist/role_id/%7BU:('system/rolelist')%7D
ERR: 1064:You have an error in your SQL syntax; check the manual that corresponds to your MySQL server version for the right syntax to use near ':('system )' at line 1
 [ SQL语句 ] : SELECT * FROM `shop_access` WHERE ( role_id={U:('system ) 

