[ 2017-07-15T10:19:47+08:00 ] 127.0.0.1 /index.php/Admin/Goods/pic/id/14.html
ERR: 1364:Field 'id' doesn't have a default value
 [ SQL语句 ] : INSERT INTO `shop_pic` (`pic_path`,`pic_thumb_path`,`goods_id`) VALUES ('2017-07-15/59697bc39110e.jpg','2017-07-15/thumb_59697bc39110e.jpg','0'),('2017-07-15/59697bc395f2f.jpg','2017-07-15/thumb_59697bc395f2f.jpg','0')

[ 2017-07-15T10:31:39+08:00 ] 127.0.0.1 /index.php/Admin/Goods/pic/id/14.html
ERR: 1048:Column 'goods_name' cannot be null
 [ SQL语句 ] : INSERT INTO `shop_pic` (`pic_path`,`pic_thumb_path`,`goods_id`,`goods_name`) VALUES ('2017-07-15/59697e8b10e43.jpg','2017-07-15/thumb_59697e8b10e43.jpg','0',NULL),('2017-07-15/59697e8b1604d.jpg','2017-07-15/thumb_59697e8b1604d.jpg','0',NULL)

[ 2017-07-15T10:36:55+08:00 ] 127.0.0.1 /index.php/Admin/Goods/pic/id/1.html
ERR: 1048:Column 'goods_name' cannot be null
 [ SQL语句 ] : INSERT INTO `shop_pic` (`pic_path`,`pic_thumb_path`,`goods_id`,`goods_name`) VALUES ('2017-07-15/59697fc7174f4.jpg','2017-07-15/thumb_59697fc7174f4.jpg','0',NULL),('2017-07-15/59697fc71bf2d.jpg','2017-07-15/thumb_59697fc71bf2d.jpg','0',NULL)

[ 2017-07-15T10:47:06+08:00 ] 127.0.0.1 /index.php/Admin/Goods/pic/id/1.html
ERR: 1048:Column 'goods_name' cannot be null
 [ SQL语句 ] : INSERT INTO `shop_pic` (`pic_path`,`pic_thumb_path`,`goods_id`,`goods_name`) VALUES ('2017-07-15/59698229d8314.jpg','2017-07-15/thumb_59698229d8314.jpg','0',NULL)

[ 2017-07-15T10:47:40+08:00 ] 127.0.0.1 /index.php/Admin/Goods/pic/id/1.html
ERR: 1048:Column 'goods_name' cannot be null
 [ SQL语句 ] : INSERT INTO `shop_pic` (`pic_path`,`pic_thumb_path`,`goods_id`,`goods_name`) VALUES ('2017-07-15/5969824cb057b.jpg','2017-07-15/thumb_5969824cb057b.jpg','0',NULL)

[ 2017-07-15T10:47:52+08:00 ] 127.0.0.1 /index.php/Admin/Goods/pic/id/1.html
ERR: 1048:Column 'goods_name' cannot be null
 [ SQL语句 ] : INSERT INTO `shop_pic` (`pic_path`,`pic_thumb_path`,`goods_id`,`goods_name`) VALUES ('2017-07-15/59698258b5d28.jpg','2017-07-15/thumb_59698258b5d28.jpg','0',NULL)

[ 2017-07-15T10:53:45+08:00 ] 127.0.0.1 /index.php/Admin/Goods/pic.html
ERR: 1064:You have an error in your SQL syntax; check the manual that corresponds to your MySQL server version for the right syntax to use near ')' at line 1
 [ SQL语句 ] : SELECT * FROM `shop_pic` WHERE ( goods_id= ) 

[ 2017-07-15T10:59:47+08:00 ] 127.0.0.1 /index.php/Admin/Goods/pic.html
ERR: 1064:You have an error in your SQL syntax; check the manual that corresponds to your MySQL server version for the right syntax to use near ')' at line 1
 [ SQL语句 ] : SELECT * FROM `shop_pic` WHERE ( goods_id= ) 

[ 2017-07-15T10:59:55+08:00 ] 127.0.0.1 /index.php/Admin/Goods/pic/id/%7B/Public/Upload/$photo.pic_path%7D
ERR: 1064:You have an error in your SQL syntax; check the manual that corresponds to your MySQL server version for the right syntax to use near ')' at line 1
 [ SQL语句 ] : SELECT * FROM `shop_pic` WHERE ( goods_id={ ) 

[ 2017-07-15T10:59:56+08:00 ] 127.0.0.1 /index.php/Admin/Goods/pic/id/%7B/Public/Upload/$photo.pic_thumb_path%7D
ERR: 1064:You have an error in your SQL syntax; check the manual that corresponds to your MySQL server version for the right syntax to use near ')' at line 1
 [ SQL语句 ] : SELECT * FROM `shop_pic` WHERE ( goods_id={ ) 

[ 2017-07-15T11:02:54+08:00 ] 127.0.0.1 /index.php/Admin/Goods/pic/id/%7B/Public/Upload/$photo['pic_path']%7D
ERR: 1064:You have an error in your SQL syntax; check the manual that corresponds to your MySQL server version for the right syntax to use near ')' at line 1
 [ SQL语句 ] : SELECT * FROM `shop_pic` WHERE ( goods_id={ ) 

[ 2017-07-15T11:02:55+08:00 ] 127.0.0.1 /index.php/Admin/Goods/pic/id/%7B/Public/Upload/$photo['pic_thumb_path']%7D
ERR: 1064:You have an error in your SQL syntax; check the manual that corresponds to your MySQL server version for the right syntax to use near ')' at line 1
 [ SQL语句 ] : SELECT * FROM `shop_pic` WHERE ( goods_id={ ) 

[ 2017-07-15T12:10:11+08:00 ] 127.0.0.1 /index.php/Admin/Goods/picdel?pic_id=3
INFO: [ app_begin ] --START--
INFO: Run Behavior\ReadHtmlCacheBehavior [ RunTime:0.002000s ]
INFO: [ app_begin ] --END-- [ RunTime:0.003000s ]
SQL: SHOW COLUMNS FROM `shop_goods` [ RunTime:0.0050s ]
SQL: SHOW COLUMNS FROM `shop_pic` [ RunTime:0.0060s ]
SQL: SELECT * FROM `shop_pic` WHERE `id` = 3 LIMIT 1   [ RunTime:0.0010s ]
SQL: DELETE FROM `shop_pic` WHERE `id` = 3 [ RunTime:0.1740s ]

[ 2017-07-15T12:10:50+08:00 ] 127.0.0.1 /index.php/Admin/Goods/picdel?pic_id=2
INFO: [ app_begin ] --START--
INFO: Run Behavior\ReadHtmlCacheBehavior [ RunTime:0.001000s ]
INFO: [ app_begin ] --END-- [ RunTime:0.002000s ]
SQL: SHOW COLUMNS FROM `shop_goods` [ RunTime:0.0060s ]
SQL: SHOW COLUMNS FROM `shop_pic` [ RunTime:0.0050s ]
SQL: SELECT * FROM `shop_pic` WHERE `id` = 2 LIMIT 1   [ RunTime:0.0000s ]
SQL: DELETE FROM `shop_pic` WHERE `id` = 2 [ RunTime:0.1240s ]

[ 2017-07-15T15:02:30+08:00 ] 127.0.0.1 /index.php/Admin/Goods/xiajia
INFO: [ app_begin ] --START--
INFO: Run Behavior\ReadHtmlCacheBehavior [ RunTime:0.001000s ]
INFO: [ app_begin ] --END-- [ RunTime:0.001000s ]
SQL: SHOW COLUMNS FROM `shop_goods` [ RunTime:0.0030s ]
SQL: SELECT * FROM `shop_goods` WHERE `id` = 1 LIMIT 1   [ RunTime:0.0000s ]

[ 2017-07-15T15:05:10+08:00 ] 127.0.0.1 /index.php/Admin/Goods/xiajia
INFO: [ app_begin ] --START--
INFO: Run Behavior\ReadHtmlCacheBehavior [ RunTime:0.001000s ]
INFO: [ app_begin ] --END-- [ RunTime:0.001000s ]
SQL: SHOW COLUMNS FROM `shop_goods` [ RunTime:0.0030s ]
SQL: SELECT * FROM `shop_goods` WHERE `id` = 1 LIMIT 1   [ RunTime:0.0010s ]

[ 2017-07-15T15:08:12+08:00 ] 127.0.0.1 /index.php/Admin/Goods/xiajia
INFO: [ app_begin ] --START--
INFO: Run Behavior\ReadHtmlCacheBehavior [ RunTime:0.001001s ]
INFO: [ app_begin ] --END-- [ RunTime:0.001001s ]
SQL: SHOW COLUMNS FROM `shop_goods` [ RunTime:0.0030s ]
SQL: SELECT * FROM `shop_goods` WHERE `id` = 1 LIMIT 1   [ RunTime:0.0000s ]

[ 2017-07-15T15:10:12+08:00 ] 127.0.0.1 /index.php/Admin/Goods/xiajia
INFO: [ app_begin ] --START--
INFO: Run Behavior\ReadHtmlCacheBehavior [ RunTime:0.000000s ]
INFO: [ app_begin ] --END-- [ RunTime:0.000000s ]
SQL: SHOW COLUMNS FROM `shop_goods` [ RunTime:0.0040s ]
SQL: SELECT * FROM `shop_goods` WHERE `id` = 1 LIMIT 1   [ RunTime:0.0010s ]

[ 2017-07-15T15:10:26+08:00 ] 127.0.0.1 /index.php/Admin/Goods/xiajia
INFO: [ app_begin ] --START--
INFO: Run Behavior\ReadHtmlCacheBehavior [ RunTime:0.001000s ]
INFO: [ app_begin ] --END-- [ RunTime:0.002000s ]
SQL: SHOW COLUMNS FROM `shop_goods` [ RunTime:0.0370s ]
SQL: SELECT * FROM `shop_goods` WHERE `id` = 1 LIMIT 1   [ RunTime:0.0000s ]

[ 2017-07-15T15:10:52+08:00 ] 127.0.0.1 /index.php/Admin/Goods/xiajia
INFO: [ app_begin ] --START--
INFO: Run Behavior\ReadHtmlCacheBehavior [ RunTime:0.000000s ]
INFO: [ app_begin ] --END-- [ RunTime:0.000000s ]
SQL: SHOW COLUMNS FROM `shop_goods` [ RunTime:0.0020s ]
SQL: SELECT * FROM `shop_goods` WHERE `id` = 1 LIMIT 1   [ RunTime:0.0000s ]
SQL: UPDATE `shop_goods` SET `goods_name`='土豪金ihone8',`goods_number`='123',`goods_count`='11',`goods_weight`='123',`brand_id`='9',`goods_addtime`=NULL,`goods_updatetime`=NULL,`goods_click`=NULL,`goods_price`='10.00',`goods_mprice`='10.00',`goods_status`='-1',`category_id`='15',`goods_sort`=NULL,`goods_description`=NULL,`goods_big_pic`=NULL,`goods_thumb_pic`=NULL WHERE `id` = 1 [ RunTime:0.0220s ]

[ 2017-07-15T15:13:34+08:00 ] 127.0.0.1 /index.php/Admin/Goods/xiajia
INFO: [ app_begin ] --START--
INFO: Run Behavior\ReadHtmlCacheBehavior [ RunTime:0.002000s ]
INFO: [ app_begin ] --END-- [ RunTime:0.003000s ]
SQL: SHOW COLUMNS FROM `shop_goods` [ RunTime:0.0030s ]
SQL: SELECT * FROM `shop_goods` WHERE `id` = 1 LIMIT 1   [ RunTime:0.0000s ]
SQL: UPDATE `shop_goods` SET `goods_status`='1' WHERE ( id=1 ) [ RunTime:0.0000s ]

[ 2017-07-15T15:14:00+08:00 ] 127.0.0.1 /index.php/Admin/Goods/xiajia
INFO: [ app_begin ] --START--
INFO: Run Behavior\ReadHtmlCacheBehavior [ RunTime:0.001000s ]
INFO: [ app_begin ] --END-- [ RunTime:0.001000s ]
SQL: SHOW COLUMNS FROM `shop_goods` [ RunTime:0.0030s ]
SQL: SELECT * FROM `shop_goods` WHERE `id` = 1 LIMIT 1   [ RunTime:0.0010s ]
SQL: UPDATE `shop_goods` SET `goods_status`='-1' WHERE ( id=1 ) [ RunTime:0.0000s ]

[ 2017-07-15T15:15:49+08:00 ] 127.0.0.1 /index.php/Admin/Goods/xiajia
INFO: [ app_begin ] --START--
INFO: Run Behavior\ReadHtmlCacheBehavior [ RunTime:0.000000s ]
INFO: [ app_begin ] --END-- [ RunTime:0.001000s ]
SQL: SHOW COLUMNS FROM `shop_goods` [ RunTime:0.0020s ]
SQL: SELECT * FROM `shop_goods` WHERE `id` = 1 LIMIT 1   [ RunTime:0.0000s ]
SQL: UPDATE `shop_goods` SET `goods_status`='1' WHERE ( id=1 ) [ RunTime:0.0010s ]

[ 2017-07-15T15:16:01+08:00 ] 127.0.0.1 /index.php/Admin/Goods/xiajia
INFO: [ app_begin ] --START--
INFO: Run Behavior\ReadHtmlCacheBehavior [ RunTime:0.000000s ]
INFO: [ app_begin ] --END-- [ RunTime:0.001000s ]
SQL: SHOW COLUMNS FROM `shop_goods` [ RunTime:0.0030s ]
SQL: SELECT * FROM `shop_goods` WHERE `id` = 1 LIMIT 1   [ RunTime:0.0010s ]
SQL: UPDATE `shop_goods` SET `goods_status`='-1' WHERE ( id=1 ) [ RunTime:0.0000s ]

[ 2017-07-15T15:16:15+08:00 ] 127.0.0.1 /index.php/Admin/Goods/xiajia
INFO: [ app_begin ] --START--
INFO: Run Behavior\ReadHtmlCacheBehavior [ RunTime:0.001000s ]
INFO: [ app_begin ] --END-- [ RunTime:0.001000s ]
SQL: SHOW COLUMNS FROM `shop_goods` [ RunTime:0.0030s ]
SQL: SELECT * FROM `shop_goods` WHERE `id` = 1 LIMIT 1   [ RunTime:0.0000s ]
SQL: UPDATE `shop_goods` SET `goods_status`='1' WHERE ( id=1 ) [ RunTime:0.0000s ]

[ 2017-07-15T15:17:39+08:00 ] 127.0.0.1 /index.php/Admin/Goods/xiajia
INFO: [ app_begin ] --START--
INFO: Run Behavior\ReadHtmlCacheBehavior [ RunTime:0.001000s ]
INFO: [ app_begin ] --END-- [ RunTime:0.001000s ]
SQL: SHOW COLUMNS FROM `shop_goods` [ RunTime:0.0030s ]
SQL: SELECT * FROM `shop_goods` WHERE `id` = 1 LIMIT 1   [ RunTime:0.0000s ]
SQL: UPDATE `shop_goods` SET `goods_status`='-1' WHERE ( id=1 ) [ RunTime:0.0000s ]

[ 2017-07-15T15:18:22+08:00 ] 127.0.0.1 /index.php/Admin/Goods/xiajia
INFO: [ app_begin ] --START--
INFO: Run Behavior\ReadHtmlCacheBehavior [ RunTime:0.001000s ]
INFO: [ app_begin ] --END-- [ RunTime:0.002000s ]
SQL: SHOW COLUMNS FROM `shop_goods` [ RunTime:0.0030s ]
SQL: SELECT * FROM `shop_goods` WHERE `id` = 1 LIMIT 1   [ RunTime:0.0000s ]
SQL: UPDATE `shop_goods` SET `goods_status`='1' WHERE ( id=1 ) [ RunTime:0.0000s ]

[ 2017-07-15T15:18:31+08:00 ] 127.0.0.1 /index.php/Admin/Goods/xiajia
INFO: [ app_begin ] --START--
INFO: Run Behavior\ReadHtmlCacheBehavior [ RunTime:0.001000s ]
INFO: [ app_begin ] --END-- [ RunTime:0.001000s ]
SQL: SHOW COLUMNS FROM `shop_goods` [ RunTime:0.0020s ]
SQL: SELECT * FROM `shop_goods` WHERE `id` = 1 LIMIT 1   [ RunTime:0.0000s ]
SQL: UPDATE `shop_goods` SET `goods_status`='-1' WHERE ( id=1 ) [ RunTime:0.0000s ]

[ 2017-07-15T15:18:36+08:00 ] 127.0.0.1 /index.php/Admin/Goods/xiajia
INFO: [ app_begin ] --START--
INFO: Run Behavior\ReadHtmlCacheBehavior [ RunTime:0.001000s ]
INFO: [ app_begin ] --END-- [ RunTime:0.001000s ]
SQL: SHOW COLUMNS FROM `shop_goods` [ RunTime:0.0030s ]
SQL: SELECT * FROM `shop_goods` WHERE `id` = 1 LIMIT 1   [ RunTime:0.0010s ]
SQL: UPDATE `shop_goods` SET `goods_status`='1' WHERE ( id=1 ) [ RunTime:0.0000s ]

[ 2017-07-15T15:19:38+08:00 ] 127.0.0.1 /index.php/Admin/Goods/xiajia
INFO: [ app_begin ] --START--
INFO: Run Behavior\ReadHtmlCacheBehavior [ RunTime:0.001000s ]
INFO: [ app_begin ] --END-- [ RunTime:0.001000s ]
SQL: SHOW COLUMNS FROM `shop_goods` [ RunTime:0.0030s ]
SQL: SELECT * FROM `shop_goods` WHERE `id` = 1 LIMIT 1   [ RunTime:0.0010s ]
SQL: UPDATE `shop_goods` SET `goods_status`='-1' WHERE ( id=1 ) [ RunTime:0.0000s ]

[ 2017-07-15T15:19:49+08:00 ] 127.0.0.1 /index.php/Admin/Goods/xiajia
INFO: [ app_begin ] --START--
INFO: Run Behavior\ReadHtmlCacheBehavior [ RunTime:0.001000s ]
INFO: [ app_begin ] --END-- [ RunTime:0.001000s ]
SQL: SHOW COLUMNS FROM `shop_goods` [ RunTime:0.0030s ]
SQL: SELECT * FROM `shop_goods` WHERE `id` = 1 LIMIT 1   [ RunTime:0.0000s ]
SQL: UPDATE `shop_goods` SET `goods_status`='1' WHERE ( id=1 ) [ RunTime:0.0010s ]

[ 2017-07-15T15:21:05+08:00 ] 127.0.0.1 /index.php/Admin/Goods/xiajia
INFO: [ app_begin ] --START--
INFO: Run Behavior\ReadHtmlCacheBehavior [ RunTime:0.001000s ]
INFO: [ app_begin ] --END-- [ RunTime:0.001000s ]
SQL: SHOW COLUMNS FROM `shop_goods` [ RunTime:0.0030s ]
SQL: SELECT * FROM `shop_goods` WHERE `id` = 1 LIMIT 1   [ RunTime:0.0010s ]
SQL: UPDATE `shop_goods` SET `goods_status`='-1' WHERE ( id=1 ) [ RunTime:0.0000s ]

[ 2017-07-15T15:21:10+08:00 ] 127.0.0.1 /index.php/Admin/Goods/xiajia
INFO: [ app_begin ] --START--
INFO: Run Behavior\ReadHtmlCacheBehavior [ RunTime:0.000000s ]
INFO: [ app_begin ] --END-- [ RunTime:0.000000s ]
SQL: SHOW COLUMNS FROM `shop_goods` [ RunTime:0.0030s ]
SQL: SELECT * FROM `shop_goods` WHERE `id` = 1 LIMIT 1   [ RunTime:0.0000s ]
SQL: UPDATE `shop_goods` SET `goods_status`='1' WHERE ( id=1 ) [ RunTime:0.0000s ]

[ 2017-07-15T15:21:20+08:00 ] 127.0.0.1 /index.php/Admin/Goods/xiajia
INFO: [ app_begin ] --START--
INFO: Run Behavior\ReadHtmlCacheBehavior [ RunTime:0.000000s ]
INFO: [ app_begin ] --END-- [ RunTime:0.001000s ]
SQL: SHOW COLUMNS FROM `shop_goods` [ RunTime:0.0030s ]
SQL: SELECT * FROM `shop_goods` WHERE `id` = 1 LIMIT 1   [ RunTime:0.0010s ]
SQL: UPDATE `shop_goods` SET `goods_status`='-1' WHERE ( id=1 ) [ RunTime:0.0000s ]

[ 2017-07-15T15:21:28+08:00 ] 127.0.0.1 /index.php/Admin/Goods/xiajia
INFO: [ app_begin ] --START--
INFO: Run Behavior\ReadHtmlCacheBehavior [ RunTime:0.001000s ]
INFO: [ app_begin ] --END-- [ RunTime:0.001000s ]
SQL: SHOW COLUMNS FROM `shop_goods` [ RunTime:0.0020s ]
SQL: SELECT * FROM `shop_goods` WHERE `id` = 1 LIMIT 1   [ RunTime:0.0000s ]
SQL: UPDATE `shop_goods` SET `goods_status`='1' WHERE ( id=1 ) [ RunTime:0.0010s ]

[ 2017-07-15T16:58:54+08:00 ] 127.0.0.1 /index.php/Admin/Goods/edit/id/14.html
ERR: 不存在的图像文件

[ 2017-07-15T17:01:09+08:00 ] 127.0.0.1 /index.php/Admin/Goods/edit/id/14.html
ERR: 不存在的图像文件

[ 2017-07-15T17:01:41+08:00 ] 127.0.0.1 /index.php/Admin/Goods/edit/id/14.html
ERR: 不存在的图像文件

[ 2017-07-15T17:03:01+08:00 ] 127.0.0.1 /index.php/Admin/Goods/edit/id/14.html
ERR: 不存在的图像文件

